<?xml version="1.0" encoding="UTF-8"?>
<testsuite name="helloworld_tests.HelloWorldTest-20211217211641" tests="1" file="helloworld_tests.py" time="0.000" timestamp="2021-12-17T21:16:41" failures="0" errors="0" skipped="0">
	<testcase classname="helloworld_tests.HelloWorldTest" name="test_hello_world" time="0.000" timestamp="2021-12-17T21:16:41"/>
</testsuite>
