<?xml version="1.0" encoding="UTF-8"?>
<testsuite name="helloworld_tests.HelloWorldTest-20211217211640" tests="1" file="helloworld_tests.py" time="0.001" timestamp="2021-12-17T21:16:40" failures="0" errors="0" skipped="0">
	<testcase classname="helloworld_tests.HelloWorldTest" name="test_hello_world" time="0.001" timestamp="2021-12-17T21:16:40"/>
</testsuite>
